  CPUCore.cpp
  Scheduler.cpp
C:\Users\HP\Documents\GitHub\CSOPESY-S11_GROUP-10_Master_Dir\Scheduler\Scheduler.cpp(92,16): warning C4244: 'initializing': conversion from 'int' to 'float', possible loss of data
  MainConsole.cpp
C:\Program Files\Microsoft Visual Studio\2022\Community\VC\Tools\MSVC\14.42.34433\include\xutility(402,14): error C2672: 'std::construct_at': no matching overloaded function found
  (compiling source file 'Console/MainConsole.cpp')
      C:\Program Files\Microsoft Visual Studio\2022\Community\VC\Tools\MSVC\14.42.34433\include\xutility(391,16):
      could be '_Ty *std::construct_at(_Ty *const ,_Types ...) noexcept(<expr>)'
          C:\Program Files\Microsoft Visual Studio\2022\Community\VC\Tools\MSVC\14.42.34433\include\xutility(402,14):
          the associated constraints are not satisfied
              C:\Program Files\Microsoft Visual Studio\2022\Community\VC\Tools\MSVC\14.42.34433\include\xutility(389,50):
              'Process::Process': function does not take 4 arguments
                  C:\Program Files\Microsoft Visual Studio\2022\Community\VC\Tools\MSVC\14.42.34433\include\xutility(389,50):
                  while trying to match the argument list '(int, String, _Ty, _Ty)'
          with
          [
              _Ty=int
          ]
          and
          [
              _Ty=uint32_t
          ]
      C:\Program Files\Microsoft Visual Studio\2022\Community\VC\Tools\MSVC\14.42.34433\include\xutility(402,14):
      the template instantiation context (the oldest one first) is
          C:\Users\HP\Documents\GitHub\CSOPESY-S11_GROUP-10_Master_Dir\Console\MainConsole.cpp(247,46):
          see reference to function template instantiation 'std::shared_ptr<Process> std::make_shared<Process,int&,String&,int,uint32_t>(int &,String &,int &&,uint32_t &&)' being compiled
          C:\Program Files\Microsoft Visual Studio\2022\Community\VC\Tools\MSVC\14.42.34433\include\memory(2906,46):
          see reference to function template instantiation 'std::_Ref_count_obj2<Process>::_Ref_count_obj2<int&,String&,_Ty,unsigned int>(int &,String &,_Ty &&,unsigned int &&)' being compiled
          with
          [
              _Ty=int
          ]
          C:\Program Files\Microsoft Visual Studio\2022\Community\VC\Tools\MSVC\14.42.34433\include\memory(2095,18):
          see reference to function template instantiation 'void std::_Construct_in_place<_Ty,int&,String&,int,unsigned int>(_Ty &,int &,String &,int &&,unsigned int &&) noexcept(false)' being compiled
          with
          [
              _Ty=Process
          ]
  
C:\Program Files\Microsoft Visual Studio\2022\Community\VC\Tools\MSVC\14.42.34433\include\xutility(406,61): error C2661: 'Process::Process': no overloaded function takes 4 arguments
  (compiling source file 'Console/MainConsole.cpp')
      C:\Program Files\Microsoft Visual Studio\2022\Community\VC\Tools\MSVC\14.42.34433\include\xutility(406,61):
      while trying to match the argument list '(int, String, _Ty, _Ty)'
          with
          [
              _Ty=int
          ]
          and
          [
              _Ty=uint32_t
          ]
  
  GlobalConfig.cpp
  PrintCommand.cpp
  MessageBuffer.cpp
  Process.cpp
C:\Users\HP\Documents\GitHub\CSOPESY-S11_GROUP-10_Master_Dir\Process\Process.cpp(63,31): warning C4267: 'return': conversion from 'size_t' to 'int', possible loss of data
  DummyProcessLayout.cpp
  KeyboardEventHandler.cpp
  MarqueeConsole.cpp
C:\Users\HP\Documents\GitHub\CSOPESY-S11_GROUP-10_Master_Dir\Console\MarqueeConsole.cpp(82,78): warning C4267: 'argument': conversion from 'size_t' to 'int', possible loss of data
  BaseScreen.cpp
  ConsoleManager.cpp
C:\Users\HP\Documents\GitHub\CSOPESY-S11_GROUP-10_Master_Dir\Console\ConsoleManager.cpp(135,9): warning C4267: 'initializing': conversion from 'size_t' to 'int', possible loss of data
C:\Users\HP\Documents\GitHub\CSOPESY-S11_GROUP-10_Master_Dir\Console\ConsoleManager.cpp(155,32): warning C4267: 'return': conversion from 'size_t' to 'int', possible loss of data
  AConsole.cpp
  main.cpp
  Generating Code...
