c:\users\acer\onedrive\desktop\github\csopesy\csopesy-s11_group-10_master_dir\csopesy-.b1732ff2\x64\debug\vc143.pdb
c:\users\acer\onedrive\desktop\github\csopesy\csopesy-s11_group-10_master_dir\csopesy-.b1732ff2\x64\debug\vc143.idb
c:\users\acer\onedrive\desktop\github\csopesy\csopesy-s11_group-10_master_dir\csopesy-.b1732ff2\x64\debug\main.obj
c:\users\acer\onedrive\desktop\github\csopesy\csopesy-s11_group-10_master_dir\csopesy-.b1732ff2\x64\debug\aconsole.obj
c:\users\acer\onedrive\desktop\github\csopesy\csopesy-s11_group-10_master_dir\csopesy-.b1732ff2\x64\debug\consolemanager.obj
c:\users\acer\onedrive\desktop\github\csopesy\csopesy-s11_group-10_master_dir\csopesy-.b1732ff2\x64\debug\basescreen.obj
c:\users\acer\onedrive\desktop\github\csopesy\csopesy-s11_group-10_master_dir\csopesy-.b1732ff2\x64\debug\marqueeconsole.obj
c:\users\acer\onedrive\desktop\github\csopesy\csopesy-s11_group-10_master_dir\csopesy-.b1732ff2\x64\debug\keyboardeventhandler.obj
c:\users\acer\onedrive\desktop\github\csopesy\csopesy-s11_group-10_master_dir\csopesy-.b1732ff2\x64\debug\dummyprocesslayout.obj
c:\users\acer\onedrive\desktop\github\csopesy\csopesy-s11_group-10_master_dir\csopesy-.b1732ff2\x64\debug\process.obj
c:\users\acer\onedrive\desktop\github\csopesy\csopesy-s11_group-10_master_dir\csopesy-.b1732ff2\x64\debug\messagebuffer.obj
c:\users\acer\onedrive\desktop\github\csopesy\csopesy-s11_group-10_master_dir\csopesy-.b1732ff2\x64\debug\printcommand.obj
c:\users\acer\onedrive\desktop\github\csopesy\csopesy-s11_group-10_master_dir\csopesy-.b1732ff2\x64\debug\globalconfig.obj
c:\users\acer\onedrive\desktop\github\csopesy\csopesy-s11_group-10_master_dir\csopesy-.b1732ff2\x64\debug\mainconsole.obj
c:\users\acer\onedrive\desktop\github\csopesy\csopesy-s11_group-10_master_dir\csopesy-.b1732ff2\x64\debug\scheduler.obj
c:\users\acer\onedrive\desktop\github\csopesy\csopesy-s11_group-10_master_dir\csopesy-.b1732ff2\x64\debug\cpucore.obj
c:\users\acer\onedrive\desktop\github\csopesy\csopesy-s11_group-10_master_dir\csopesy-.b1732ff2\x64\debug\flatmemoryallocator.obj
c:\users\acer\onedrive\desktop\github\csopesy\csopesy-s11_group-10_master_dir\x64\debug\csopesy-process-scheduler.exe
c:\users\acer\onedrive\desktop\github\csopesy\csopesy-s11_group-10_master_dir\x64\debug\csopesy-process-scheduler.pdb
c:\users\acer\onedrive\desktop\github\csopesy\csopesy-s11_group-10_master_dir\csopesy-.b1732ff2\x64\debug\csopesy-process-scheduler.ilk
c:\users\acer\onedrive\desktop\github\csopesy\csopesy-s11_group-10_master_dir\csopesy-.b1732ff2\x64\debug\csopesy-.b1732ff2.tlog\cl.command.1.tlog
c:\users\acer\onedrive\desktop\github\csopesy\csopesy-s11_group-10_master_dir\csopesy-.b1732ff2\x64\debug\csopesy-.b1732ff2.tlog\cl.items.tlog
c:\users\acer\onedrive\desktop\github\csopesy\csopesy-s11_group-10_master_dir\csopesy-.b1732ff2\x64\debug\csopesy-.b1732ff2.tlog\cl.read.1.tlog
c:\users\acer\onedrive\desktop\github\csopesy\csopesy-s11_group-10_master_dir\csopesy-.b1732ff2\x64\debug\csopesy-.b1732ff2.tlog\cl.write.1.tlog
c:\users\acer\onedrive\desktop\github\csopesy\csopesy-s11_group-10_master_dir\csopesy-.b1732ff2\x64\debug\csopesy-.b1732ff2.tlog\link.command.1.tlog
c:\users\acer\onedrive\desktop\github\csopesy\csopesy-s11_group-10_master_dir\csopesy-.b1732ff2\x64\debug\csopesy-.b1732ff2.tlog\link.read.1.tlog
c:\users\acer\onedrive\desktop\github\csopesy\csopesy-s11_group-10_master_dir\csopesy-.b1732ff2\x64\debug\csopesy-.b1732ff2.tlog\link.secondary.1.tlog
c:\users\acer\onedrive\desktop\github\csopesy\csopesy-s11_group-10_master_dir\csopesy-.b1732ff2\x64\debug\csopesy-.b1732ff2.tlog\link.write.1.tlog
